<?xml version="1.0" encoding="UTF-8"?>
<testng-results ignored="0" total="2" passed="2" failed="0" skipped="0">
  <reporter-output>
  </reporter-output>
  <suite started-at="2025-06-08T12:11:06 IST" name="All Test Suite" finished-at="2025-06-08T12:11:22 IST" duration-ms="16274">
    <groups>
    </groups>
    <test started-at="2025-06-08T12:11:06 IST" name="Demo test" finished-at="2025-06-08T12:11:22 IST" duration-ms="16274">
      <class name="tests.TestClass">
        <test-method is-config="true" signature="reportSetup()[pri:0, instance:tests.TestClass@4d9e68d0]" started-at="2025-06-08T12:11:06 IST" name="reportSetup" finished-at="2025-06-08T12:11:06 IST" duration-ms="245" status="PASS">
          <reporter-output>
          </reporter-output>
        </test-method> <!-- reportSetup -->
        <test-method is-config="true" signature="driverSetup()[pri:0, instance:tests.TestClass@4d9e68d0]" started-at="2025-06-08T12:11:06 IST" name="driverSetup" finished-at="2025-06-08T12:11:16 IST" duration-ms="9383" status="PASS">
          <reporter-output>
          </reporter-output>
        </test-method> <!-- driverSetup -->
        <test-method signature="dragAndDrop()[pri:0, instance:tests.TestClass@4d9e68d0]" started-at="2025-06-08T12:11:16 IST" name="dragAndDrop" finished-at="2025-06-08T12:11:16 IST" duration-ms="437" status="PASS">
          <reporter-output>
          </reporter-output>
        </test-method> <!-- dragAndDrop -->
        <test-method is-config="true" signature="reportGenerator(org.testng.ITestResult)[pri:0, instance:tests.TestClass@4d9e68d0]" started-at="2025-06-08T12:11:16 IST" name="reportGenerator" finished-at="2025-06-08T12:11:16 IST" duration-ms="183" status="PASS">
          <params>
            <param index="0">
              <value>
                <![CDATA[[TestResult name=dragAndDrop status=SUCCESS method=TestClass.dragAndDrop()[pri:0, instance:tests.TestClass@4d9e68d0] output={null}]]]>
              </value>
            </param>
          </params>
          <reporter-output>
          </reporter-output>
        </test-method> <!-- reportGenerator -->
        <test-method is-config="true" signature="driverSetup()[pri:0, instance:tests.TestClass@4d9e68d0]" started-at="2025-06-08T12:11:16 IST" name="driverSetup" finished-at="2025-06-08T12:11:21 IST" duration-ms="5124" status="PASS">
          <reporter-output>
          </reporter-output>
        </test-method> <!-- driverSetup -->
        <test-method signature="test2()[pri:0, instance:tests.TestClass@4d9e68d0]" started-at="2025-06-08T12:11:21 IST" name="test2" finished-at="2025-06-08T12:11:22 IST" duration-ms="480" status="PASS">
          <reporter-output>
          </reporter-output>
        </test-method> <!-- test2 -->
        <test-method is-config="true" signature="reportGenerator(org.testng.ITestResult)[pri:0, instance:tests.TestClass@4d9e68d0]" started-at="2025-06-08T12:11:22 IST" name="reportGenerator" finished-at="2025-06-08T12:11:22 IST" duration-ms="168" status="PASS">
          <params>
            <param index="0">
              <value>
                <![CDATA[[TestResult name=test2 status=SUCCESS method=TestClass.test2()[pri:0, instance:tests.TestClass@4d9e68d0] output={null}]]]>
              </value>
            </param>
          </params>
          <reporter-output>
          </reporter-output>
        </test-method> <!-- reportGenerator -->
        <test-method is-config="true" signature="reportFlush()[pri:0, instance:tests.TestClass@4d9e68d0]" started-at="2025-06-08T12:11:22 IST" name="reportFlush" finished-at="2025-06-08T12:11:22 IST" duration-ms="218" status="PASS">
          <reporter-output>
          </reporter-output>
        </test-method> <!-- reportFlush -->
      </class> <!-- tests.TestClass -->
    </test> <!-- Demo test -->
  </suite> <!-- All Test Suite -->
</testng-results>
